#
# There is insufficient memory for the Java Runtime Environment to continue.
# Native memory allocation (malloc) failed to allocate 1048576 bytes for AllocateHeap
# Possible reasons:
#   The system is out of physical RAM or swap space
#   In 32 bit mode, the process size limit was hit
# Possible solutions:
#   Reduce memory load on the system
#   Increase physical memory or swap space
#   Check if swap backing store is full
#   Use 64 bit Java on a 64 bit OS
#   Decrease Java heap size (-Xmx/-Xms)
#   Decrease number of Java threads
#   Decrease Java thread stack sizes (-Xss)
#   Set larger code cache with -XX:ReservedCodeCacheSize=
# This output file may be truncated or incomplete.
#
#  Out of Memory Error (memory/allocation.inline.hpp:61), pid=3792, tid=0x0000000000002488
#
# JRE version:  (8.0_152-b01) (build )
# Java VM: OpenJDK 64-Bit Server VM (25.152-b01 mixed mode windows-amd64 compressed oops)
# Failed to write core dump. Minidumps are not enabled by default on client versions of Windows
#

---------------  T H R E A D  ---------------

Current thread (0x00000000026ad800):  JavaThread "Unknown thread" [_thread_in_vm, id=9352, stack(0x0000000002a00000,0x0000000002b00000)]

Stack: [0x0000000002a00000,0x0000000002b00000]
[error occurred during error reporting (printing stack bounds), id 0xc0000005]

Native frames: (J=compiled Java code, j=interpreted, Vv=VM code, C=native code)


---------------  P R O C E S S  ---------------

Java Threads: ( => current thread )

Other Threads:

=>0x00000000026ad800 (exited) JavaThread "Unknown thread" [_thread_in_vm, id=9352, stack(0x0000000002a00000,0x0000000002b00000)]

VM state:not at safepoint (normal execution)

VM Mutex/Monitor currently owned by a thread: None

Heap:
 PSYoungGen      total 76288K, used 1310K [0x00000000eab00000, 0x00000000f0000000, 0x0000000100000000)
  eden space 65536K, 2% used [0x00000000eab00000,0x00000000eac47af0,0x00000000eeb00000)
  from space 10752K, 0% used [0x00000000ef580000,0x00000000ef580000,0x00000000f0000000)
  to   space 10752K, 0% used [0x00000000eeb00000,0x00000000eeb00000,0x00000000ef580000)
 ParOldGen       total 175104K, used 0K [0x00000000c0000000, 0x00000000cab00000, 0x00000000eab00000)
  object space 175104K, 0% used [0x00000000c0000000,0x00000000c0000000,0x00000000cab00000)
 Metaspace       used 772K, capacity 4480K, committed 4480K, reserved 1056768K
  class space    used 73K, capacity 384K, committed 384K, reserved 1048576K

Card table byte_map: [0x0000000011fc0000,0x00000000121d0000] byte_map_base: 0x00000000119c0000

Marking Bits: (ParMarkBitMap*) 0x000000005f725aa0
 Begin Bits: [0x0000000012d30000, 0x0000000013d30000)
 End Bits:   [0x0000000013d30000, 0x0000000014d30000)

Polling page: 0x0000000000840000

CodeCache: size=245760Kb used=328Kb max_used=328Kb free=245431Kb
 bounds [0x0000000002c00000, 0x0000000002e70000, 0x0000000011c00000]
 total_blobs=57 nmethods=0 adapters=38
 compilation: enabled

Compilation events (0 events):
No events

GC Heap History (0 events):
No events

Deoptimization events (0 events):
No events

Classes redefined (0 events):
No events

Internal exceptions (0 events):
No events

Events (10 events):
Event: 0.027 loading class java/lang/Short
Event: 0.027 loading class java/lang/Short done
Event: 0.027 loading class java/lang/Integer
Event: 0.027 loading class java/lang/Integer done
Event: 0.027 loading class java/lang/Long
Event: 0.027 loading class java/lang/Long done
Event: 0.028 loading class java/lang/NullPointerException
Event: 0.028 loading class java/lang/NullPointerException done
Event: 0.028 loading class java/lang/ArithmeticException
Event: 0.028 loading class java/lang/ArithmeticException done


Dynamic libraries:
0x00007ff6695f0000 - 0x00007ff669621000 	D:\androidst\jre\bin\java.exe
0x00007ffaadfb0000 - 0x00007ffaae19d000 	C:\Windows\SYSTEM32\ntdll.dll
0x00007ffaadaf0000 - 0x00007ffaadba3000 	C:\Windows\System32\KERNEL32.DLL
0x00007ffaaaa70000 - 0x00007ffaaad03000 	C:\Windows\System32\KERNELBASE.dll
0x00007ffaad3c0000 - 0x00007ffaad463000 	C:\Windows\System32\ADVAPI32.dll
0x00007ffaac730000 - 0x00007ffaac7ce000 	C:\Windows\System32\msvcrt.dll
0x00007ffaac7d0000 - 0x00007ffaac86e000 	C:\Windows\System32\sechost.dll
0x00007ffaac8d0000 - 0x00007ffaac9f2000 	C:\Windows\System32\RPCRT4.dll
0x00007ffaace80000 - 0x00007ffaad017000 	C:\Windows\System32\USER32.dll
0x00007ffaaaa50000 - 0x00007ffaaaa70000 	C:\Windows\System32\win32u.dll
0x00007ffaada40000 - 0x00007ffaada69000 	C:\Windows\System32\GDI32.dll
0x00007ffaaae30000 - 0x00007ffaaafc9000 	C:\Windows\System32\gdi32full.dll
0x00007ffaab130000 - 0x00007ffaab1d0000 	C:\Windows\System32\msvcp_win.dll
0x00007ffaaad30000 - 0x00007ffaaae2a000 	C:\Windows\System32\ucrtbase.dll
0x00007ffa94130000 - 0x00007ffa943a9000 	C:\Windows\WinSxS\amd64_microsoft.windows.common-controls_6595b64144ccf1df_6.0.17763.802_none_05b1445c0722d2cc\COMCTL32.dll
0x00007ffaad090000 - 0x00007ffaad3bc000 	C:\Windows\System32\combase.dll
0x00007ffaaa070000 - 0x00007ffaaa0ee000 	C:\Windows\System32\bcryptPrimitives.dll
0x00007ffaacb80000 - 0x00007ffaacbae000 	C:\Windows\System32\IMM32.DLL
0x000000005eda0000 - 0x000000005ee72000 	D:\androidst\jre\jre\bin\msvcr100.dll
0x000000005ef60000 - 0x000000005f7a1000 	D:\androidst\jre\jre\bin\server\jvm.dll
0x00007ffaacc70000 - 0x00007ffaacc78000 	C:\Windows\System32\PSAPI.DLL
0x00007ffaa6120000 - 0x00007ffaa6129000 	C:\Windows\SYSTEM32\WSOCK32.dll
0x00007ffaa6f70000 - 0x00007ffaa6f94000 	C:\Windows\SYSTEM32\WINMM.dll
0x00007ffaad020000 - 0x00007ffaad08d000 	C:\Windows\System32\WS2_32.dll
0x00007ffa9e1e0000 - 0x00007ffa9e1ea000 	C:\Windows\SYSTEM32\VERSION.dll
0x00007ffaa6980000 - 0x00007ffaa69ad000 	C:\Windows\SYSTEM32\winmmbase.dll
0x00007ffaab0e0000 - 0x00007ffaab12a000 	C:\Windows\System32\cfgmgr32.dll
0x00007ffa9c930000 - 0x00007ffa9c93f000 	D:\androidst\jre\jre\bin\verify.dll
0x00007ffa83fd0000 - 0x00007ffa83ff9000 	D:\androidst\jre\jre\bin\java.dll
0x00007ffa8e450000 - 0x00007ffa8e466000 	D:\androidst\jre\jre\bin\zip.dll

VM Arguments:
jvm_args: -Djava.awt.headless=true -Xmx1024M -Dfile.encoding=GBK -Duser.country=CN -Duser.language=zh -Duser.variant 
java_command: com.android.dx.command.Main --dex --num-threads=4 --output D:\androidddddd\WordBook-master\app\build\intermediates\pre-dexed\debug\com.android.support-animated-vector-drawable-24.2.0_eea7d7295560082e5c820a90c197f6e2bcd0c57c.jar D:\androidddddd\WordBook-master\app\build\intermediates\exploded-aar\com.android.support\animated-vector-drawable\24.2.0\jars\classes.jar
java_class_path (initial): D:\androidSDK\build-tools\24.0.2\lib\dx.jar
Launcher Type: SUN_STANDARD

Environment Variables:
JAVA_HOME=C:\Program Files\Java\jdk-12.0.2
CLASSPATH=.;C:\Program Files\Java\jdk-12.0.2\lib\dt.jar;C:\Program Files\Java\jdk-12.0.2\lib\tools.jar
PATH=C:\Windows\system32;C:\Windows;C:\Windows\System32\Wbem;C:\Windows\System32\WindowsPowerShell\v1.0\;C:\Windows\System32\OpenSSH\;C:\Program Files (x86)\NVIDIA Corporation\PhysX\Common;C:\Program Files\NVIDIA Corporation\NVIDIA NGX;C:\Program Files\NVIDIA Corporation\NVIDIA NvDLISR;C:\Program Files\Java\jdk-12.0.2\bin;C:\Program Files\Java\jdk-12.0.2\jre\bin;C:\Program Files\MySQL\MySQL Server 8.0\bin;D:\maven\apache-maven-3.6.2-bin\bin\;D:\SQLite;C:\Users\DXD\AppData\Local\Microsoft\WindowsApps;
USERNAME=DXD
OS=Windows_NT
PROCESSOR_IDENTIFIER=Intel64 Family 6 Model 158 Stepping 10, GenuineIntel



---------------  S Y S T E M  ---------------

OS: Windows 10.0 , 64 bit Build 17763 (10.0.17763.475)

CPU:total 12 (initial active 12) (6 cores per cpu, 2 threads per core) family 6 model 158 stepping 10, cmov, cx8, fxsr, mmx, sse, sse2, sse3, ssse3, sse4.1, sse4.2, popcnt, avx, avx2, aes, clmul, erms, 3dnowpref, lzcnt, ht, tsc, tscinvbit, bmi1, bmi2, adx

Memory: 4k page, physical 16653556k(4755540k free), swap 16653556k(553304k free)

vm_info: OpenJDK 64-Bit Server VM (25.152-b01) for windows-amd64 JRE (1.8.0_152-release-1343-b01), built by "builder" with MS VC++ 10.0 (VS2010)

time: Mon Nov 04 14:24:51 2019
elapsed time: 0 seconds (0d 0h 0m 0s)

